2022-06-27 07:22:15.587 - SCRIPT START
2022-06-27 07:22:27.320 - SCRIPT START
2022-06-27 07:22:38.837 - Reading dataFeed.xlsx...
2022-06-27 07:23:04.246 - SCRIPT START
2022-06-27 07:23:09.027 - Reading dataFeed.xlsx...
2022-06-27 07:23:42.754 - SCRIPT START
2022-06-27 07:23:45.364 - Reading dataFeed.xlsx...
2022-06-27 07:23:45.375 - Preparing runObjects dictionary...
2022-06-27 07:23:45.377 - Pandas operations completed! runObjects has been created
2022-06-27 07:23:45.377 - initializing Tkinter Functions...
2022-06-27 07:23:45.377 - Initialization complete!
2022-06-27 07:23:45.445 - Running Tkinter Startup...
2022-06-27 07:23:45.448 - *****Startup complete and ready for testing!*****
2022-06-27 07:23:46.338 - GAZE: Entering the main screen
2022-06-27 07:23:46.338 - Objects made visible
2022-06-27 07:23:46.589 - GAZE: Leaving the main screen
2022-06-27 07:23:46.590 - Objects hidden
2022-06-27 07:24:19.793 - SCRIPT START
2022-06-27 07:24:19.793 - Reading dataFeed.xlsx...
2022-06-27 07:24:19.801 - Preparing runObjects dictionary...
2022-06-27 07:24:19.802 - Pandas operations completed! runObjects has been created
2022-06-27 07:24:19.803 - initializing Tkinter Functions...
2022-06-27 07:24:19.803 - Initialization complete!
2022-06-27 07:24:27.656 - Running Tkinter Startup...
2022-06-27 07:24:27.657 - *****Startup complete and ready for testing!*****
2022-06-27 07:24:27.776 - GAZE: Entering the main screen
2022-06-27 07:24:27.777 - Objects made visible
2022-06-27 07:24:28.784 - GAZE: Leaving the main screen
2022-06-27 07:24:28.784 - Objects hidden
2022-06-27 07:24:58.815 - SCRIPT START
2022-06-27 07:24:58.815 - Reading dataFeed.xlsx...
2022-06-27 07:24:58.823 - Preparing runObjects dictionary...
2022-06-27 07:24:58.824 - Pandas operations completed! runObjects has been created
2022-06-27 07:24:58.824 - initializing Tkinter Functions...
2022-06-27 07:24:58.824 - Initialization complete!
2022-06-27 07:24:58.899 - Running Tkinter Startup...
2022-06-27 07:24:58.900 - *****Startup complete and ready for testing!*****
2022-06-27 07:25:03.529 - GAZE: Entering the main screen
2022-06-27 07:25:03.529 - Objects made visible
2022-06-27 07:25:03.784 - GAZE: Leaving the main screen
2022-06-27 07:25:03.784 - Objects hidden
2022-06-27 07:25:40.463 - SCRIPT START
2022-06-27 07:25:40.463 - Reading dataFeed.xlsx...
2022-06-27 07:25:40.471 - Preparing runObjects dictionary...
2022-06-27 07:25:40.473 - Pandas operations completed! runObjects has been created
2022-06-27 07:25:40.473 - initializing Tkinter Functions...
2022-06-27 07:25:40.473 - Initialization complete!
2022-06-27 07:25:40.543 - Running Tkinter Startup...
2022-06-27 07:25:40.544 - *****Startup complete and ready for testing!*****
2022-06-27 07:25:40.575 - GAZE: Entering the main screen
2022-06-27 07:25:40.575 - Objects made visible
2022-06-27 07:25:41.284 - GAZE: Leaving the main screen
2022-06-27 07:25:41.284 - Objects hidden
